Process: Log file Initialized.
Process: Sucessfully opened file [src/Lab05.chess]
Placement: Adding [Kle1] White King was placed at e1.
Placement: Adding [Qld1] White Queen was placed at d1.
Placement: Adding [Kde8] Black King was placed at e8.
Placement: Adding [Qdd8] Black Queen was placed at d8.
Placement: Adding [Rdh8] Black Rook was placed at h8.
Movement: [Qd1-e2+] White moves Queen at d1 to e2. Check!
8| | | |q|k| | |r|
7| | | | | | | | |
6| | | | | | | | |
5| | | | | | | | |
4| | | | | | | | |
3| | | | | | | | |
2| | | | |Q| | | |
1| | | | |K| | | |
  A B C D E F G H 
Movement: [Rh8-h5] Black moves Rook at h8 to h5.
8| | | |q|k| | | |
7| | | | | | | | |
6| | | | | | | | |
5| | | | | | | |r|
4| | | | | | | | |
3| | | | | | | | |
2| | | | |Q| | | |
1| | | | |K| | | |
  A B C D E F G H 
Process: Closing Files.
