Process: Log file Initialized.
Process: Sucessfully opened file [src/Lab05.b.chess]
Placement: Adding [Rla1] White Rook was placed at a1.
Placement: Adding [Nlb1] White Knight was placed at b1.
Placement: Adding [Blc1] White Bishop was placed at c1.
Placement: Adding [Kle1] White King was placed at e1.
Placement: Adding [Qld1] White Queen was placed at d1.
Placement: Adding [Blf1] White Bishop was placed at f1.
Placement: Adding [Nlg1] White Knight was placed at g1.
Placement: Adding [Rlh1] White Rook was placed at h1.
Placement: Adding [Pla2] White Pawn was placed at a2.
Placement: Adding [Plb2] White Pawn was placed at b2.
Placement: Adding [Plc2] White Pawn was placed at c2.
Placement: Adding [Pld2] White Pawn was placed at d2.
Placement: Adding [Ple2] White Pawn was placed at e2.
Placement: Adding [Plf2] White Pawn was placed at f2.
Placement: Adding [Plg2] White Pawn was placed at g2.
Placement: Adding [Plh2] White Pawn was placed at h2.
Placement: Adding [Rda8] Black Rook was placed at a8.
Placement: Adding [Ndb8] Black Knight was placed at b8.
Placement: Adding [Bdc8] Black Bishop was placed at c8.
Placement: Adding [Kde8] Black King was placed at e8.
Placement: Adding [Qdd8] Black Queen was placed at d8.
Placement: Adding [Bdf8] Black Bishop was placed at f8.
Placement: Adding [Ndg8] Black Knight was placed at g8.
Placement: Adding [Rdh8] Black Rook was placed at h8.
Placement: Adding [Pda7] Black Pawn was placed at a7.
Placement: Adding [Pdb7] Black Pawn was placed at b7.
Placement: Adding [Pdc7] Black Pawn was placed at c7.
Placement: Adding [Pdd7] Black Pawn was placed at d7.
Placement: Adding [Pde7] Black Pawn was placed at e7.
Placement: Adding [Pdf7] Black Pawn was placed at f7.
Placement: Adding [Pdg7] Black Pawn was placed at g7.
Placement: Adding [Pdh7] Black Pawn was placed at h7.
Movement: [Nb1-c3] White moves Knight at b1 to c3.
8|r|n|b|q|k|b|n|r|
7|p|p|p|p|p|p|p|p|
6| | | | | | | | |
5| | | | | | | | |
4| | | | | | | | |
3| | |N| | | | | |
2|P|P|P|P|P|P|P|P|
1|R| |B|Q|K|B|N|R|
  A B C D E F G H 
Movement: [a7-a5] Black moves Pawn at a7 to a5.
8|r|n|b|q|k|b|n|r|
7| |p|p|p|p|p|p|p|
6| | | | | | | | |
5|p| | | | | | | |
4| | | | | | | | |
3| | |N| | | | | |
2|P|P|P|P|P|P|P|P|
1|R| |B|Q|K|B|N|R|
  A B C D E F G H 
Movement: [h2-h4] White moves Pawn at h2 to h4.
8|r|n|b|q|k|b|n|r|
7| |p|p|p|p|p|p|p|
6| | | | | | | | |
5|p| | | | | | | |
4| | | | | | | |P|
3| | |N| | | | | |
2|P|P|P|P|P|P|P| |
1|R| |B|Q|K|B|N|R|
  A B C D E F G H 
Movement: [b7-b5] Black moves Pawn at b7 to b5.
8|r|n|b|q|k|b|n|r|
7| | |p|p|p|p|p|p|
6| | | | | | | | |
5|p|p| | | | | | |
4| | | | | | | |P|
3| | |N| | | | | |
2|P|P|P|P|P|P|P| |
1|R| |B|Q|K|B|N|R|
  A B C D E F G H 
Movement: [Nc3xb5] White moves Knight at c3 to b5. They capture a piece. 
8|r|n|b|q|k|b|n|r|
7| | |p|p|p|p|p|p|
6| | | | | | | | |
5|p|N| | | | | | |
4| | | | | | | |P|
3| | | | | | | | |
2|P|P|P|P|P|P|P| |
1|R| |B|Q|K|B|N|R|
  A B C D E F G H 
Movement: [Ra8-a6] Black moves Rook at a8 to a6.
8| |n|b|q|k|b|n|r|
7| | |p|p|p|p|p|p|
6|r| | | | | | | |
5|p|N| | | | | | |
4| | | | | | | |P|
3| | | | | | | | |
2|P|P|P|P|P|P|P| |
1|R| |B|Q|K|B|N|R|
  A B C D E F G H 
Movement: [e2-e4] White moves Pawn at e2 to e4.
8| |n|b|q|k|b|n|r|
7| | |p|p|p|p|p|p|
6|r| | | | | | | |
5|p|N| | | | | | |
4| | | | |P| | |P|
3| | | | | | | | |
2|P|P|P|P| |P|P| |
1|R| |B|Q|K|B|N|R|
  A B C D E F G H 
Movement: [Ra6-e6] Black moves Rook at a6 to e6.
8| |n|b|q|k|b|n|r|
7| | |p|p|p|p|p|p|
6| | | | |r| | | |
5|p|N| | | | | | |
4| | | | |P| | |P|
3| | | | | | | | |
2|P|P|P|P| |P|P| |
1|R| |B|Q|K|B|N|R|
  A B C D E F G H 
Movement: [Bf1-e2] White moves Bishop at f1 to e2.
8| |n|b|q|k|b|n|r|
7| | |p|p|p|p|p|p|
6| | | | |r| | | |
5|p|N| | | | | | |
4| | | | |P| | |P|
3| | | | | | | | |
2|P|P|P|P|B|P|P| |
1|R| |B|Q|K| |N|R|
  A B C D E F G H 
Movement: [Re6xe4] Black moves Rook at e6 to e4. They capture a piece. 
8| |n|b|q|k|b|n|r|
7| | |p|p|p|p|p|p|
6| | | | | | | | |
5|p|N| | | | | | |
4| | | | |r| | |P|
3| | | | | | | | |
2|P|P|P|P|B|P|P| |
1|R| |B|Q|K| |N|R|
  A B C D E F G H 
Movement: [f2-f4] White moves Pawn at f2 to f4.
8| |n|b|q|k|b|n|r|
7| | |p|p|p|p|p|p|
6| | | | | | | | |
5|p|N| | | | | | |
4| | | | |r|P| |P|
3| | | | | | | | |
2|P|P|P|P|B| |P| |
1|R| |B|Q|K| |N|R|
  A B C D E F G H 
Movement: [Re4xe2+] Black moves Rook at e4 to e2. They capture a piece.  Check!
8| |n|b|q|k|b|n|r|
7| | |p|p|p|p|p|p|
6| | | | | | | | |
5|p|N| | | | | | |
4| | | | | |P| |P|
3| | | | | | | | |
2|P|P|P|P|r| |P| |
1|R| |B|Q|K| |N|R|
  A B C D E F G H 
Movement: [Rh1-h3] White moves Rook at h1 to h3.
8| |n|b|q|k|b|n|r|
7| | |p|p|p|p|p|p|
6| | | | | | | | |
5|p|N| | | | | | |
4| | | | | |P| |P|
3| | | | | | | |R|
2|P|P|P|P|r| |P| |
1|R| |B|Q|K| |N| |
  A B C D E F G H 
Movement: [e7-e5] Black moves Pawn at e7 to e5.
8| |n|b|q|k|b|n|r|
7| | |p|p| |p|p|p|
6| | | | | | | | |
5|p|N| | |p| | | |
4| | | | | |P| |P|
3| | | | | | | |R|
2|P|P|P|P|r| |P| |
1|R| |B|Q|K| |N| |
  A B C D E F G H 
Movement: [Rh3-e3] White moves Rook at h3 to e3.
8| |n|b|q|k|b|n|r|
7| | |p|p| |p|p|p|
6| | | | | | | | |
5|p|N| | |p| | | |
4| | | | | |P| |P|
3| | | | |R| | | |
2|P|P|P|P|r| |P| |
1|R| |B|Q|K| |N| |
  A B C D E F G H 
Movement: [Re2xg2] Black moves Rook at e2 to g2. They capture a piece. 
8| |n|b|q|k|b|n|r|
7| | |p|p| |p|p|p|
6| | | | | | | | |
5|p|N| | |p| | | |
4| | | | | |P| |P|
3| | | | |R| | | |
2|P|P|P|P| | |r| |
1|R| |B|Q|K| |N| |
  A B C D E F G H 
Movement: [Re3xe5+] White moves Rook at e3 to e5. They capture a piece.  Check!
8| |n|b|q|k|b|n|r|
7| | |p|p| |p|p|p|
6| | | | | | | | |
5|p|N| | |R| | | |
4| | | | | |P| |P|
3| | | | | | | | |
2|P|P|P|P| | |r| |
1|R| |B|Q|K| |N| |
  A B C D E F G H 
Movement: [Qd8-e7] Black moves Queen at d8 to e7.
8| |n|b| |k|b|n|r|
7| | |p|p|q|p|p|p|
6| | | | | | | | |
5|p|N| | |R| | | |
4| | | | | |P| |P|
3| | | | | | | | |
2|P|P|P|P| | |r| |
1|R| |B|Q|K| |N| |
  A B C D E F G H 
----------------------------------
Process: Interactive Mode enabled.
----------------------------------
8| |n|b| |k|b|n|r|
7| | |p|p|q|p|p|p|
6| | | | | | | | |
5|p|N| | |R| | | |
4| | | | | |P| |P|
3| | | | | | | | |
2|P|P|P|P| | |r| |
1|R| |B|Q|K| |N| |
  A B C D E F G H 
Movement: [a2-a4] White moves Pawn at a2 to a4.
8| |n|b| |k|b|n|r|
7| | |p|p|q|p|p|p|
6| | | | | | | | |
5|p|N| | |R| | | |
4|P| | | | |P| |P|
3| | | | | | | | |
2| |P|P|P| | |r| |
1|R| |B|Q|K| |N| |
  A B C D E F G H 
Movement: [Qe7-e6] Black moves Queen at e7 to e6.
8| |n|b| |k|b|n|r|
7| | |p|p| |p|p|p|
6| | | | |q| | | |
5|p|N| | |R| | | |
4|P| | | | |P| |P|
3| | | | | | | | |
2| |P|P|P| | |r| |
1|R| |B|Q|K| |N| |
  A B C D E F G H 
Movement: [Re5xe6+] White moves Rook at e5 to e6. They capture a piece.  Check!
8| |n|b| |k|b|n|r|
7| | |p|p| |p|p|p|
6| | | | |R| | | |
5|p|N| | | | | | |
4|P| | | | |P| |P|
3| | | | | | | | |
2| |P|P|P| | |r| |
1|R| |B|Q|K| |N| |
  A B C D E F G H 
Movement: [Bf8-e7] Black moves Bishop at f8 to e7.
8| |n|b| |k| |n|r|
7| | |p|p|b|p|p|p|
6| | | | |R| | | |
5|p|N| | | | | | |
4|P| | | | |P| |P|
3| | | | | | | | |
2| |P|P|P| | |r| |
1|R| |B|Q|K| |N| |
  A B C D E F G H 
Movement: [b2-b4] White moves Pawn at b2 to b4.
8| |n|b| |k| |n|r|
7| | |p|p|b|p|p|p|
6| | | | |R| | | |
5|p|N| | | | | | |
4|P|P| | | |P| |P|
3| | | | | | | | |
2| | |P|P| | |r| |
1|R| |B|Q|K| |N| |
  A B C D E F G H 